app/build/outputs/mapping/release/seeds.txt
com.rahul.vanished.EditFriendsActivity
com.rahul.vanished.EditFriendsActivity: EditFriendsActivity()
com.rahul.vanished.LoginActivity
com.rahul.vanished.LoginActivity: LoginActivity()
com.rahul.vanished.LoginActivity: void onLoginClick(android.view.View)
com.rahul.vanished.MainActivity
com.rahul.vanished.MainActivity: MainActivity()
com.rahul.vanished.R$array: int camera_choices
com.rahul.vanished.R$attr: int com_facebook_auxiliary_view_position
com.rahul.vanished.R$attr: int com_facebook_confirm_logout
com.rahul.vanished.R$attr: int com_facebook_foreground_color
com.rahul.vanished.R$attr: int com_facebook_horizontal_alignment
com.rahul.vanished.R$attr: int com_facebook_is_cropped
com.rahul.vanished.R$attr: int com_facebook_login_text
com.rahul.vanished.R$attr: int com_facebook_logout_text
com.rahul.vanished.R$attr: int com_facebook_object_id
com.rahul.vanished.R$attr: int com_facebook_object_type
com.rahul.vanished.R$attr: int com_facebook_preset_size
com.rahul.vanished.R$attr: int com_facebook_style
com.rahul.vanished.R$attr: int com_facebook_tooltip_mode
com.rahul.vanished.R$attr: int metaButtonBarButtonStyle
com.rahul.vanished.R$attr: int metaButtonBarStyle
com.rahul.vanished.R$color: int apptheme_color
com.rahul.vanished.R$color: int background_purple
com.rahul.vanished.R$color: int black_overlay
com.rahul.vanished.R$color: int com_facebook_blue
com.rahul.vanished.R$color: int com_facebook_button_background_color
com.rahul.vanished.R$color: int com_facebook_button_background_color_disabled
com.rahul.vanished.R$color: int com_facebook_button_background_color_pressed
com.rahul.vanished.R$color: int com_facebook_button_like_background_color_selected
com.rahul.vanished.R$color: int com_facebook_button_login_silver_background_color
com.rahul.vanished.R$color: int com_facebook_button_login_silver_background_color_pressed
com.rahul.vanished.R$color: int com_facebook_button_send_background_color
com.rahul.vanished.R$color: int com_facebook_button_send_background_color_pressed
com.rahul.vanished.R$color: int com_facebook_likeboxcountview_border_color
com.rahul.vanished.R$color: int com_facebook_likeboxcountview_text_color
com.rahul.vanished.R$color: int com_facebook_likeview_text_color
com.rahul.vanished.R$color: int com_facebook_share_button_text_color
com.rahul.vanished.R$color: int focused_purple_button
com.rahul.vanished.R$color: int light_purple_button
com.rahul.vanished.R$color: int pressed_purple_button
com.rahul.vanished.R$color: int swipe1
com.rahul.vanished.R$color: int swipe2
com.rahul.vanished.R$color: int swipe3
com.rahul.vanished.R$color: int swipe4
com.rahul.vanished.R$color: int text_color
...
android.support.v4.view.ViewPager
android.support.v4.view.ViewPager: ViewPager(android.content.Context)
android.support.v4.view.ViewPager: ViewPager(android.content.Context,android.util.AttributeSet)
android.support.v4.view.ViewPager: void setScrollState(int)
android.support.v4.view.ViewPager: void setAdapter(android.support.v4.view.PagerAdapter)
android.support.v4.view.ViewPager: android.support.v4.view.PagerAdapter getAdapter()
android.support.v4.view.ViewPager: void setOnAdapterChangeListener(android.support.v4.view.ViewPager$OnAdapterChangeListener)
android.support.v4.view.ViewPager: int getClientWidth()
android.support.v4.view.ViewPager: void setCurrentItem(int)
android.support.v4.view.ViewPager: int getCurrentItem()
android.support.v4.view.ViewPager: void setOnPageChangeListener(android.support.v4.view.ViewPager$OnPageChangeListener)
android.support.v4.view.ViewPager: void setChildrenDrawingOrderEnabledCompat(boolean)
android.support.v4.view.ViewPager: int getOffscreenPageLimit()
android.support.v4.view.ViewPager: void setOffscreenPageLimit(int)
android.support.v4.view.ViewPager: void setPageMargin(int)
android.support.v4.view.ViewPager: int getPageMargin()
android.support.v4.view.ViewPager: void setPageMarginDrawable(android.graphics.drawable.Drawable)
android.support.v4.view.ViewPager: void setPageMarginDrawable(int)
android.support.v4.view.ViewPager: void setScrollingCacheEnabled(boolean)
android.support.v4.view.ViewPager$SavedState
android.support.v4.view.ViewPager$SavedState: android.os.Parcelable$Creator CREATOR
android.support.v4.widget.DrawerLayout: void setScrimColor(int)
android.support.v4.widget.DrawerLayout: void setDrawerListener(android.support.v4.widget.DrawerLayout$DrawerListener)
android.support.v4.widget.DrawerLayout: void setDrawerLockMode(int)
android.support.v4.widget.DrawerLayout: void setStatusBarBackground(android.graphics.drawable.Drawable)
android.support.v4.widget.DrawerLayout: android.graphics.drawable.Drawable getStatusBarBackgroundDrawable()
android.support.v4.widget.DrawerLayout: void setStatusBarBackground(int)
android.support.v4.widget.DrawerLayout: void setStatusBarBackgroundColor(int)
android.support.v4.widget.DrawerLayout$SavedState
android.support.v4.widget.DrawerLayout$SavedState: android.os.Parcelable$Creator CREATOR
android.support.v4.widget.SlidingPaneLayout: void setParallaxDistance(int)
android.support.v4.widget.SlidingPaneLayout: int getParallaxDistance()
android.support.v4.widget.SlidingPaneLayout: void setSliderFadeColor(int)
android.support.v4.widget.SlidingPaneLayout: int getSliderFadeColor()
android.support.v4.widget.SlidingPaneLayout: void setCoveredFadeColor(int)
android.support.v4.widget.SlidingPaneLayout: int getCoveredFadeColor()
android.support.v4.widget.SlidingPaneLayout: void setPanelSlideListener(android.support.v4.widget.SlidingPaneLayout$PanelSlideListener)
android.support.v4.widget.SlidingPaneLayout: void setShadowDrawable(android.graphics.drawable.Drawable)
android.support.v4.widget.SlidingPaneLayout: void setShadowDrawableLeft(android.graphics.drawable.Drawable)
android.support.v4.widget.SlidingPaneLayout: void setShadowDrawableRight(android.graphics.drawable.Drawable)
android.support.v4.widget.SlidingPaneLayout: void setShadowResource(int)
android.support.v4.widget.SlidingPaneLayout: void setShadowResourceLeft(int)
android.support.v4.widget.SlidingPaneLayout: void setShadowResourceRight(int)
android.support.v4.widget.SlidingPaneLayout$SavedState
android.support.v4.widget.SlidingPaneLayout$SavedState: android.os.Parcelable$Creator CREATOR