app/build/outputs/mapping/release/mapping.txt
com.rahul.vanished.EditFriendsActivity -> com.rahul.vanished.EditFriendsActivity:
    com.parse.ParseRelation mFriendsRelation -> a
    com.parse.ParseUser mCurrentUser -> b
    android.widget.GridView mGridView -> c
    java.lang.String TAG -> d
    java.util.List mUsers -> e
    android.widget.AdapterView$OnItemClickListener mOnItemClickListener -> f
    void onCreate(android.os.Bundle) -> onCreate
    void onResume() -> onResume
    boolean onOptionsItemSelected(android.view.MenuItem) -> onOptionsItemSelected
    void access$000(com.rahul.vanished.EditFriendsActivity) -> a
com.rahul.vanished.EditFriendsActivity$1 -> com.rahul.vanished.a:
    com.rahul.vanished.EditFriendsActivity this$0 -> a
    void done(java.lang.Object,java.lang.Throwable) -> a
com.rahul.vanished.EditFriendsActivity$2 -> com.rahul.vanished.b:
    com.rahul.vanished.EditFriendsActivity this$0 -> a
    void done(java.lang.Object,java.lang.Throwable) -> a
com.rahul.vanished.EditFriendsActivity$3 -> com.rahul.vanished.c:
    com.rahul.vanished.EditFriendsActivity this$0 -> a
    void onItemClick(android.widget.AdapterView,android.view.View,int,long) -> onItemClick
com.rahul.vanished.EditFriendsActivity$3$1 -> com.rahul.vanished.d:
    com.rahul.vanished.EditFriendsActivity$3 this$1 -> a
    void done(java.lang.Throwable) -> a
com.rahul.vanished.FileHelper -> com.rahul.vanished.e:
    java.lang.String TAG -> a
    byte[] getByteArrayFromFile(android.content.Context,android.net.Uri) -> a
    byte[] reduceImageForUpload(byte[]) -> a
    java.lang.String getFileName(android.content.Context,android.net.Uri,java.lang.String) -> a
com.rahul.vanished.FriendsFragment -> com.rahul.vanished.f:
    java.lang.String TAG -> a
    com.parse.ParseRelation mFriendsRelation -> b
    com.parse.ParseUser mCurrentUser -> c
    java.util.List mFriends -> d
    android.widget.GridView mGridView -> e
    android.view.View onCreateView$469ccb8a(android.view.LayoutInflater,android.view.ViewGroup) -> a
    void onResume() -> j
com.rahul.vanished.FriendsFragment$1 -> com.rahul.vanished.g:
    com.rahul.vanished.FriendsFragment this$0 -> a
    void done(java.lang.Object,java.lang.Throwable) -> a
com.rahul.vanished.ImageResizer -> com.rahul.vanished.h:
    int calculateInSampleSize(android.graphics.BitmapFactory$Options,int,int) -> a
com.rahul.vanished.InboxFragment -> com.rahul.vanished.i:
    java.util.List mMessages -> i
    android.support.v4.widget.SwipeRefreshLayout mSwipeRefreshLayout -> aj
    android.support.v4.widget.SwipeRefreshLayout$OnRefreshListener mOnRefreshListener -> ak
    android.view.View onCreateView$469ccb8a(android.view.LayoutInflater,android.view.ViewGroup) -> a
    void onResume() -> j
    void retrieveMessages() -> p
    void onListItemClick(android.widget.ListView,android.view.View,int,long) -> a
    void access$000(com.rahul.vanished.InboxFragment) -> a
com.rahul.vanished.InboxFragment$1 -> com.rahul.vanished.j:
    com.rahul.vanished.InboxFragment this$0 -> a
    void done(java.lang.Object,java.lang.Throwable) -> a
com.rahul.vanished.InboxFragment$2 -> com.rahul.vanished.k:
    com.rahul.vanished.InboxFragment this$0 -> a
    void onRefresh() -> a
com.rahul.vanished.LoginActivity -> com.rahul.vanished.LoginActivity:
    android.widget.EditText mUsername -> a
    android.widget.EditText mPassword -> b
    android.widget.Button mLoginButton -> c
    android.widget.TextView mSignUpTextView -> d
    android.app.Dialog progressDialog -> e
    void onCreate(android.os.Bundle) -> onCreate
    void onActivityResult(int,int,android.content.Intent) -> onActivityResult
    void onLoginClick(android.view.View) -> onLoginClick
    android.app.Dialog access$000(com.rahul.vanished.LoginActivity) -> a
com.rahul.vanished.LoginActivity$1 -> com.rahul.vanished.l:
    com.rahul.vanished.LoginActivity this$0 -> a
    void onClick(android.view.View) -> onClick
...
com.parse.Parse$1 -> com.parse.eo:
    void run() -> run
com.parse.Parse$2 -> com.parse.ep:
    java.lang.Object then(bolts.Task) -> a
com.parse.Parse$3 -> com.parse.eq:
    java.lang.Object then(bolts.Task) -> a
com.parse.Parse$4 -> com.parse.er:
    org.json.JSONObject val$finalObject -> a
    java.util.Iterator iterator() -> iterator
com.parse.Parse$5 -> com.parse.es:
    com.parse.ParseCallback1 val$callback -> a
    void done(java.lang.Object,java.lang.Throwable) -> a
com.parse.Parse$6 -> com.parse.et:
    boolean val$reportCancellation -> a
    bolts.Task$TaskCompletionSource val$tcs -> b
    com.parse.ParseCallback2 val$callback -> c
    java.lang.Object then(bolts.Task) -> a
com.parse.Parse$6$1 -> com.parse.eu:
    bolts.Task val$task -> a
    com.parse.Parse$6 this$0 -> b
    void run() -> run
com.parse.Parse$ParseCallbacks -> com.parse.ev:
com.parse.ParseACL -> com.parse.ew:
    com.parse.ParseACL defaultACL -> d
    boolean defaultACLUsesCurrentUser -> e
    java.lang.ref.WeakReference lastCurrentUser -> f
    com.parse.ParseACL defaultACLWithCurrentUser -> g
    boolean shared -> a
    com.parse.ParseUser unresolvedUser -> b
    org.json.JSONObject permissionsById -> c
    com.parse.ParseACL getDefaultACL() -> a
    com.parse.ParseACL copy() -> b
    org.json.JSONObject toJSONObject(com.parse.ParseObjectEncodingStrategy) -> a
    com.parse.ParseACL createACLFromJSONObject(org.json.JSONObject,com.parse.ParseDecoder) -> a
    boolean hasUnresolvedUser() -> c
    void setAccess$3b99f9eb(java.lang.String,java.lang.String) -> a
    boolean getAccess(java.lang.String,java.lang.String) -> b
    void setReadAccess$505cbf4b(java.lang.String) -> b
    boolean getReadAccess(java.lang.String) -> a
    void setWriteAccess$505cbf4b(java.lang.String) -> c
    void prepareUnresolvedUser(com.parse.ParseUser) -> a
com.parse.ParseACL$UserResolutionListener -> com.parse.ex:
    java.lang.ref.WeakReference parent -> a
    void done(java.lang.Object,java.lang.Throwable) -> a
com.parse.ParseAddOperation -> com.parse.ey:
    java.util.ArrayList objects -> a
    com.parse.ParseFieldOperation mergeWithPrevious(com.parse.ParseFieldOperation) -> a
    java.lang.Object apply(java.lang.Object,com.parse.ParseObject,java.lang.String) -> a
    java.lang.Object encode(com.parse.ParseObjectEncodingStrategy) -> a
com.parse.ParseAddUniqueOperation -> com.parse.ez:
    java.util.LinkedHashSet objects -> a
    com.parse.ParseFieldOperation mergeWithPrevious(com.parse.ParseFieldOperation) -> a
    java.lang.Object apply(java.lang.Object,com.parse.ParseObject,java.lang.String) -> a
    java.lang.Object encode(com.parse.ParseObjectEncodingStrategy) -> a
com.parse.ParseAnalytics -> com.parse.fa:
    java.util.Map lruSeenPushes -> a
    bolts.Task trackAppOpenedInBackground(android.content.Intent) -> a
    void trackAppOpened(android.content.Intent) -> b
com.parse.ParseAnalytics$1 -> com.parse.fb:
    bolts.Capture val$pushHash -> a
    java.lang.Object then(bolts.Task) -> a
com.parse.ParseAnalytics$3 -> com.parse.fc:
    boolean removeEldestEntry(java.util.Map$Entry) -> removeEldestEntry
com.parse.ParseAnonymousUtils -> com.parse.fd:
    com.parse.AnonymousAuthenticationProvider provider -> a
    com.parse.ParseUser lazyLogIn() -> a
com.parse.ParseApacheHttpClient -> com.parse.fe:
    org.apache.http.impl.client.DefaultHttpClient httpClient -> a
    java.lang.String getUserAgent(android.content.Context) -> a
    com.parse.ParseHttpResponse execute(org.apache.http.client.methods.HttpUriRequest) -> a
com.parse.ParseApacheHttpResponse -> com.parse.ff:
    org.apache.http.HttpResponse response -> a
    int getStatusCode() -> a
    java.io.InputStream getContent() -> b
com.parse.ParseAuthenticationProvider -> com.parse.fg:
    java.lang.String getAuthType() -> d
    bolts.Task authenticateAsync() -> a
    void deauthenticate() -> c
    boolean restoreAuthentication(org.json.JSONObject) -> a