app/build/outputs/mapping/release/usage.txt
com.rahul.vanished.BuildConfig
com.rahul.vanished.FileHelper:
    public static final int SHORT_SIDE_TARGET
com.rahul.vanished.ImageResizer:
    7:7:public ImageResizer()
com.rahul.vanished.MainActivity:
    public static final int TAKE_PHOTO_REQUEST
    public static final int TAKE_VIDEO_REQUEST
    public static final int CHOOSE_PHOTO_REQUEST
    public static final int CHOOSE_VIDEO_REQUEST
    public static final int MEDIA_TYPE_IMAGE
    public static final int MEDIA_TYPE_VIDEO
    public static final int FILE_SIZE_LIMIT
com.rahul.vanished.Manifest
com.rahul.vanished.Manifest$permission
com.rahul.vanished.ParseConstants
com.rahul.vanished.R
com.rahul.vanished.R$array
com.rahul.vanished.R$attr
com.rahul.vanished.R$color
com.rahul.vanished.R$dimen
com.rahul.vanished.R$drawable
com.rahul.vanished.R$id
com.rahul.vanished.R$layout
com.rahul.vanished.R$menu
com.rahul.vanished.R$string
com.rahul.vanished.R$style
com.rahul.vanished.R$styleable
com.rahul.vanished.util.SystemUiHider
com.rahul.vanished.util.SystemUiHider$1
com.rahul.vanished.util.SystemUiHider$OnVisibilityChangeListener
com.rahul.vanished.util.SystemUiHiderBase
com.rahul.vanished.util.SystemUiHiderHoneycomb
com.rahul.vanished.util.SystemUiHiderHoneycomb$1
...
com.parse.codec.language.RefinedSoundex
com.parse.codec.language.Soundex
com.parse.codec.language.SoundexUtils
com.parse.codec.net.BCodec
com.parse.codec.net.QCodec
com.parse.codec.net.QuotedPrintableCodec
com.parse.codec.net.RFC1522Codec
com.parse.codec.net.URLCodec
com.parse.codec.net.Utils
com.parse.entity.mime.FormBodyPart
com.parse.entity.mime.Header
com.parse.entity.mime.HttpMultipart
com.parse.entity.mime.HttpMultipart$1
com.parse.entity.mime.HttpMultipartMode
com.parse.entity.mime.MIME
com.parse.entity.mime.MinimalField
com.parse.entity.mime.MultipartEntity
com.parse.entity.mime.content.AbstractContentBody
com.parse.entity.mime.content.ByteArrayBody
com.parse.entity.mime.content.ContentBody
com.parse.entity.mime.content.ContentDescriptor
com.parse.entity.mime.content.FileBody
com.parse.entity.mime.content.InputStreamBody
com.parse.entity.mime.content.StringBody
com.parse.gdata.Escaper
com.parse.gdata.PercentEscaper:
    public static final java.lang.String SAFECHARS_URLENCODER
    public static final java.lang.String SAFEPATHCHARS_URLENCODER
    public static final java.lang.String SAFEQUERYSTRINGCHARS_URLENCODER
com.parse.gdata.Preconditions:
    61:61:private Preconditions()
    71:74:public static void checkArgument(boolean)
    112:116:public static varargs void checkArgument(boolean,java.lang.String,java.lang.Object[])
    126:129:public static void checkState(boolean)
    141:144:public static void checkState(boolean,java.lang.Object)
    167:171:public static varargs void checkState(boolean,java.lang.String,java.lang.Object[])
    182:185:public static java.lang.Object checkNotNull(java.lang.Object)
    199:202:public static java.lang.Object checkNotNull(java.lang.Object,java.lang.Object)
    224:229:public static varargs java.lang.Object checkNotNull(java.lang.Object,java.lang.String,java.lang.Object[])
    245:246:public static void checkElementIndex(int,int)
    262:271:public static void checkElementIndex(int,int,java.lang.String)
    286:287:public static void checkPositionIndex(int,int)
    303:312:public static void checkPositionIndex(int,int,java.lang.String)
    329:335:public static void checkPositionIndexes(int,int,int)
    352:378:static varargs java.lang.String format(java.lang.String,java.lang.Object[])
com.parse.gdata.UnicodeEscaper:
    private static final int DEST_PAD
    255:257:public java.lang.Appendable escape(java.lang.Appendable)
com.parse.gdata.UnicodeEscaper$1
com.parse.internal.AsyncCallback
com.parse.oauth.OAuth1FlowDialog
com.parse.oauth.OAuth1FlowDialog$1
com.parse.oauth.OAuth1FlowDialog$2
com.parse.oauth.OAuth1FlowDialog$FlowResultHandler
com.parse.oauth.OAuth1FlowDialog$OAuth1WebViewClient
com.parse.oauth.OAuth1FlowException
com.parse.signpost.AbstractOAuthConsumer:
    private static final long serialVersionUID
    79:80:public void setAdditionalParameters(com.parse.signpost.http.HttpParameters)
    126:137:public java.lang.String sign(java.lang.String)
    156:156:public java.lang.String getToken()
    160:160:public java.lang.String getTokenSecret()
    164:164:public java.lang.String getConsumerKey()
    168:168:public java.lang.String getConsumerSecret()
    211:211:public com.parse.signpost.http.HttpParameters getRequestParameters()
    215:216:public void setSendEmptyTokens(boolean)
com.parse.signpost.AbstractOAuthProvider